run_id=after-fix
raw_records=10
cleaned_records=5
quarantine_records=5
cleaned_csv=artifacts\cleaned\cleaned_after-fix.csv
quarantine_csv=artifacts\quarantine\quarantine_after-fix.csv
expectation[min_one_row] OK (halt) :: cleaned_rows=5
expectation[no_empty_doc_id] OK (halt) :: empty_doc_id_count=0
expectation[refund_no_stale_14d_window] OK (halt) :: violations=0
expectation[chunk_min_length_8] OK (warn) :: short_chunks=0
expectation[effective_date_iso_yyyy_mm_dd] OK (halt) :: non_iso_rows=0
expectation[hr_leave_no_stale_10d_annual] OK (halt) :: violations=0
expectation[exported_at_valid_iso_datetime] OK (halt) :: invalid_exported_at=0
expectation[min_cleaned_rows_for_rag] OK (warn) :: cleaned_rows=5 (minimum=3 for meaningful RAG)
embed_upsert count=5 collection=day10_kb
manifest_written=artifacts\manifests\manifest_after-fix.json
freshness_check=FAIL {"latest_exported_at": "2026-04-10T08:00:00", "age_hours": 121.241, "sla_hours": 24.0, "reason": "freshness_sla_exceeded"}
PIPELINE_OK
run_id=after-fix
raw_records=11
cleaned_records=6
quarantine_records=5
cleaned_csv=artifacts\cleaned\cleaned_after-fix.csv
quarantine_csv=artifacts\quarantine\quarantine_after-fix.csv
expectation[min_one_row] OK (halt) :: cleaned_rows=6
expectation[no_empty_doc_id] OK (halt) :: empty_doc_id_count=0
expectation[refund_no_stale_14d_window] OK (halt) :: violations=0
expectation[chunk_min_length_8] OK (warn) :: short_chunks=0
expectation[effective_date_iso_yyyy_mm_dd] OK (halt) :: non_iso_rows=0
expectation[hr_leave_no_stale_10d_annual] OK (halt) :: violations=0
expectation[exported_at_valid_iso_datetime] OK (halt) :: invalid_exported_at=0
expectation[min_cleaned_rows_for_rag] OK (warn) :: cleaned_rows=6 (minimum=3 for meaningful RAG)
embed_prune_removed=1
embed_upsert count=6 collection=day10_kb
manifest_written=artifacts\manifests\manifest_after-fix.json
freshness_check=FAIL {"latest_exported_at": "2026-04-10T08:00:00", "age_hours": 121.776, "sla_hours": 24.0, "reason": "freshness_sla_exceeded"}
PIPELINE_OK
